SF:lib/common/exception.dart
DA:6,4
LF:1
LH:1
end_of_record
SF:lib/data/datasources/movie_local_data_source.dart
DA:15,1
DA:17,1
DA:20,2
DA:23,2
DA:27,1
DA:30,2
DA:33,2
DA:37,1
DA:39,2
DA:41,1
DA:47,1
DA:49,2
DA:50,4
LF:13
LH:13
end_of_record
SF:lib/data/models/movie_table.dart
DA:11,3
DA:18,2
DA:19,1
DA:20,1
DA:21,1
DA:22,1
DA:25,2
DA:26,1
DA:27,1
DA:28,1
DA:29,1
DA:32,2
DA:33,1
DA:34,1
DA:35,1
DA:36,1
DA:39,2
DA:40,1
DA:41,1
DA:42,1
DA:43,1
DA:46,2
DA:47,10
LF:23
LH:23
end_of_record
SF:lib/data/models/series_table.dart
DA:11,3
DA:18,2
DA:19,1
DA:20,1
DA:21,1
DA:22,1
DA:25,2
DA:26,1
DA:27,1
DA:28,1
DA:29,1
DA:32,2
DA:33,1
DA:34,1
DA:35,1
DA:36,1
DA:39,2
DA:40,1
DA:41,1
DA:42,1
DA:43,1
DA:46,2
DA:47,10
LF:23
LH:23
end_of_record
SF:lib/domain/entities/genre.dart
DA:4,6
DA:12,1
DA:13,3
LF:3
LH:3
end_of_record
SF:lib/domain/entities/movie.dart
DA:4,9
DA:20,2
DA:41,2
DA:42,2
DA:43,2
DA:44,2
DA:45,2
DA:46,2
DA:47,2
DA:48,2
DA:49,2
DA:50,2
DA:51,2
DA:52,2
DA:53,2
DA:54,2
DA:55,2
LF:17
LH:17
end_of_record
SF:lib/domain/entities/movie_detail.dart
DA:5,6
DA:33,1
DA:34,1
DA:35,1
DA:36,1
DA:37,1
DA:38,1
DA:39,1
DA:40,1
DA:41,1
DA:42,1
DA:43,1
DA:44,1
DA:45,1
LF:14
LH:14
end_of_record
SF:lib/domain/entities/series.dart
DA:4,10
DA:20,2
DA:41,2
DA:42,2
DA:43,2
DA:44,2
DA:45,2
DA:46,2
DA:47,2
DA:48,2
DA:49,2
DA:50,2
DA:51,2
DA:52,2
DA:53,2
DA:54,2
DA:55,2
LF:17
LH:17
end_of_record
SF:lib/domain/entities/series_detail.dart
DA:11,6
DA:65,1
DA:66,1
DA:67,1
DA:68,1
DA:69,1
DA:70,1
DA:71,1
DA:72,1
DA:73,1
DA:74,1
DA:75,1
DA:76,1
DA:77,1
DA:78,1
DA:79,1
DA:80,1
DA:81,1
DA:82,1
DA:83,1
DA:84,1
DA:85,1
DA:86,1
DA:87,1
DA:88,1
DA:89,1
DA:90,1
DA:91,1
LF:28
LH:28
end_of_record
SF:lib/common/failure.dart
DA:6,15
DA:8,2
DA:9,4
DA:13,26
DA:17,4
DA:21,12
LF:6
LH:6
end_of_record
SF:lib/data/datasources/db/database_helper.dart
DA:9,0
DA:13,0
DA:17,0
DA:19,0
DA:27,0
DA:28,0
DA:29,0
DA:31,0
DA:35,0
DA:36,0
DA:43,0
DA:44,0
DA:51,0
DA:54,0
DA:55,0
DA:56,0
DA:59,0
DA:60,0
DA:61,0
DA:64,0
DA:68,0
DA:69,0
DA:70,0
DA:73,0
DA:76,0
DA:77,0
DA:83,0
DA:84,0
DA:85,0
DA:90,0
DA:91,0
DA:92,0
DA:95,0
DA:96,0
DA:97,0
DA:100,0
DA:104,0
DA:105,0
DA:106,0
DA:109,0
DA:112,0
DA:113,0
DA:119,0
DA:120,0
DA:121,0
LF:45
LH:0
end_of_record
SF:lib/data/datasources/movie_remote_data_source.dart
DA:24,1
DA:26,1
DA:28,4
DA:30,2
DA:31,4
DA:33,1
DA:37,1
DA:39,4
DA:41,2
DA:42,3
DA:44,1
DA:48,1
DA:50,4
DA:52,2
DA:53,4
DA:55,1
DA:59,1
DA:61,4
DA:63,2
DA:64,4
DA:66,1
DA:70,1
DA:72,4
DA:74,2
DA:75,4
DA:77,1
DA:81,1
DA:83,4
DA:85,2
DA:86,4
DA:88,1
LF:31
LH:31
end_of_record
SF:lib/data/datasources/series_local_data_source.dart
DA:15,1
DA:17,1
DA:20,2
DA:23,2
DA:27,1
DA:30,2
DA:33,2
DA:37,1
DA:39,2
DA:41,1
DA:47,1
DA:49,2
DA:50,4
LF:13
LH:13
end_of_record
SF:lib/data/datasources/series_remote_data_source.dart
DA:27,1
DA:29,1
DA:31,4
DA:33,2
DA:34,4
DA:36,1
DA:40,1
DA:42,4
DA:44,2
DA:45,3
DA:47,1
DA:51,1
DA:53,4
DA:55,2
DA:56,4
DA:58,1
DA:62,1
DA:64,4
DA:66,2
DA:67,4
DA:69,1
DA:73,1
DA:75,4
DA:77,2
DA:78,4
DA:80,1
DA:84,1
DA:86,4
DA:88,2
DA:89,4
DA:91,1
DA:95,1
DA:97,4
DA:99,2
DA:100,4
DA:102,1
LF:36
LH:36
end_of_record
SF:lib/data/models/movie_detail_model.dart
DA:6,3
DA:52,2
DA:53,1
DA:54,1
DA:55,1
DA:56,5
DA:57,1
DA:58,1
DA:59,1
DA:60,1
DA:61,1
DA:62,1
DA:63,2
DA:64,1
DA:65,1
DA:66,1
DA:67,1
DA:68,1
DA:69,1
DA:70,1
DA:71,1
DA:72,2
DA:73,1
DA:76,2
DA:77,1
DA:78,1
DA:79,1
DA:80,3
DA:81,1
DA:82,1
DA:83,1
DA:84,1
DA:85,1
DA:86,1
DA:87,1
DA:88,1
DA:89,1
DA:90,1
DA:91,1
DA:92,1
DA:93,1
DA:94,1
DA:95,1
DA:96,1
DA:97,1
DA:100,1
DA:101,1
DA:102,1
DA:103,1
DA:104,5
DA:105,1
DA:106,1
DA:107,1
DA:108,1
DA:109,1
DA:110,1
DA:111,1
DA:112,1
DA:113,1
DA:117,1
DA:118,1
DA:119,1
DA:120,1
DA:121,1
DA:122,1
DA:123,1
DA:124,1
DA:125,1
DA:126,1
DA:127,1
DA:128,1
DA:129,1
DA:130,1
DA:131,1
DA:132,1
DA:133,1
DA:134,1
DA:135,1
DA:136,1
DA:137,1
DA:138,1
DA:139,1
LF:82
LH:82
end_of_record
SF:lib/data/models/movie_model.dart
DA:5,4
DA:35,4
DA:36,2
DA:37,2
DA:38,8
DA:39,2
DA:40,2
DA:41,2
DA:42,4
DA:43,2
DA:44,2
DA:45,2
DA:46,2
DA:47,4
DA:48,2
DA:51,2
DA:52,1
DA:53,1
DA:54,4
DA:55,1
DA:56,1
DA:57,1
DA:58,1
DA:59,1
DA:60,1
DA:61,1
DA:62,1
DA:63,1
DA:64,1
DA:67,2
DA:68,2
DA:69,2
DA:70,2
DA:71,2
DA:72,2
DA:73,2
DA:74,2
DA:75,2
DA:76,2
DA:77,2
DA:78,2
DA:79,2
DA:80,2
DA:81,2
DA:85,2
DA:86,2
DA:87,2
DA:88,2
DA:89,2
DA:90,2
DA:91,2
DA:92,2
DA:93,2
DA:94,2
DA:95,2
DA:96,2
DA:97,2
DA:98,2
DA:99,2
LF:59
LH:59
end_of_record
SF:lib/data/models/season_detail_model.dart
DA:6,4
DA:34,4
DA:35,4
DA:36,2
DA:37,6
DA:38,6
DA:39,2
DA:40,2
DA:41,2
DA:42,2
DA:43,2
DA:44,2
DA:45,4
DA:46,2
DA:49,2
DA:50,1
DA:51,1
DA:52,3
DA:53,3
DA:54,1
DA:55,1
DA:56,1
DA:57,1
DA:58,1
DA:59,1
DA:60,1
DA:61,1
DA:64,2
DA:65,2
DA:66,2
DA:67,2
DA:68,8
DA:69,8
DA:70,2
DA:71,2
DA:72,2
DA:73,2
DA:74,2
DA:75,2
DA:76,2
DA:77,2
DA:81,2
DA:82,2
DA:83,2
DA:84,2
DA:85,2
DA:86,2
DA:87,2
DA:88,2
DA:89,2
DA:90,2
DA:91,2
DA:92,2
DA:93,2
DA:94,2
LF:55
LH:55
end_of_record
SF:lib/data/models/series_detail_model.dart
DA:9,3
DA:63,2
DA:64,1
DA:65,4
DA:66,2
DA:67,5
DA:68,1
DA:69,1
DA:70,1
DA:71,4
DA:72,2
DA:73,1
DA:74,1
DA:75,1
DA:76,1
DA:77,4
DA:78,1
DA:79,1
DA:80,1
DA:81,2
DA:82,1
DA:83,5
DA:84,1
DA:85,1
DA:86,1
DA:87,2
DA:88,1
DA:91,2
DA:92,1
DA:93,3
DA:94,1
DA:95,3
DA:96,1
DA:97,1
DA:98,1
DA:99,3
DA:100,1
DA:101,1
DA:102,1
DA:103,1
DA:104,1
DA:105,3
DA:106,1
DA:107,1
DA:108,1
DA:109,1
DA:110,1
DA:111,3
DA:112,1
DA:113,1
DA:114,1
DA:115,1
DA:116,1
DA:119,1
DA:120,1
DA:121,1
DA:122,1
DA:123,1
DA:124,3
DA:125,1
DA:126,1
DA:127,1
DA:128,1
DA:129,1
DA:130,1
DA:131,1
DA:132,1
DA:133,1
DA:134,1
DA:135,1
DA:136,1
DA:137,1
DA:138,1
DA:139,1
DA:140,3
DA:141,1
DA:142,1
DA:143,1
DA:144,1
DA:145,1
DA:149,1
DA:150,1
DA:151,1
DA:152,1
DA:153,1
DA:154,1
DA:155,1
DA:156,1
DA:157,1
DA:158,1
DA:159,1
DA:160,1
DA:161,1
DA:162,1
DA:163,1
DA:164,1
DA:165,1
DA:166,1
DA:167,1
DA:168,1
DA:169,1
DA:170,1
DA:171,1
DA:172,1
DA:173,1
DA:174,1
DA:175,1
LF:107
LH:107
end_of_record
SF:lib/data/models/series_model.dart
DA:5,4
DA:35,4
DA:36,2
DA:37,4
DA:38,2
DA:39,4
DA:40,4
DA:41,2
DA:42,4
DA:43,8
DA:44,8
DA:45,2
DA:46,2
DA:47,2
DA:48,2
DA:51,2
DA:52,1
DA:53,1
DA:54,1
DA:55,1
DA:56,1
DA:57,1
DA:58,1
DA:59,4
DA:60,4
DA:61,1
DA:62,1
DA:63,1
DA:64,1
DA:67,2
DA:68,2
DA:69,2
DA:70,2
DA:71,2
DA:72,2
DA:73,2
DA:74,2
DA:75,2
DA:76,2
DA:77,2
DA:78,2
DA:79,2
DA:80,2
DA:81,2
DA:85,2
DA:86,2
DA:87,2
DA:88,2
DA:89,2
DA:90,2
DA:91,2
DA:92,2
DA:93,2
DA:94,2
DA:95,2
DA:96,2
DA:97,2
DA:98,2
DA:99,2
LF:59
LH:59
end_of_record
SF:lib/domain/entities/season_detail.dart
DA:5,4
DA:33,2
DA:34,2
DA:35,2
DA:36,2
DA:37,2
DA:38,2
DA:39,2
DA:40,2
DA:41,2
DA:42,2
DA:43,2
DA:44,2
DA:45,2
DA:46,2
LF:15
LH:15
end_of_record
SF:lib/data/models/season_model.dart
DA:5,2
DA:23,2
DA:24,3
DA:25,1
DA:26,1
DA:27,1
DA:28,1
DA:29,2
DA:30,1
DA:33,2
DA:34,1
DA:35,1
DA:36,1
DA:37,1
DA:38,1
DA:39,1
DA:40,1
DA:43,1
DA:44,1
DA:45,1
DA:46,1
DA:47,1
DA:48,1
DA:49,1
DA:50,1
DA:51,1
DA:55,1
DA:56,1
DA:57,1
DA:58,1
DA:59,1
DA:60,1
DA:61,1
DA:62,1
DA:63,1
LF:35
LH:35
end_of_record
SF:lib/domain/entities/season.dart
DA:4,1
DA:22,1
DA:23,1
DA:24,1
DA:25,1
DA:26,1
DA:27,1
DA:28,1
DA:29,1
DA:30,1
LF:10
LH:10
end_of_record
SF:lib/data/models/genre_model.dart
DA:5,4
DA:13,4
DA:14,2
DA:15,2
DA:18,2
DA:19,1
DA:20,1
DA:23,1
DA:24,3
DA:27,2
DA:28,6
LF:11
LH:11
end_of_record
SF:lib/data/models/movie_response.dart
DA:7,2
DA:9,4
DA:10,4
DA:11,6
DA:12,6
DA:15,2
DA:16,5
DA:19,1
DA:20,2
LF:9
LH:9
end_of_record
SF:lib/data/models/season_detail_response.dart
DA:7,2
DA:9,4
DA:11,16
DA:14,2
DA:15,5
DA:18,1
DA:19,2
LF:7
LH:7
end_of_record
SF:lib/data/models/series_response.dart
DA:7,2
DA:9,4
DA:10,2
DA:11,10
DA:12,4
DA:17,2
DA:18,5
DA:21,1
DA:22,2
LF:9
LH:9
end_of_record
SF:lib/data/models/crew_model.dart
DA:5,2
DA:35,2
DA:36,2
DA:37,2
DA:38,1
DA:39,1
DA:40,1
DA:41,1
DA:42,1
DA:43,1
DA:44,1
DA:45,2
DA:46,2
DA:47,2
DA:48,2
DA:51,2
DA:52,1
DA:53,1
DA:54,1
DA:55,1
DA:56,1
DA:57,1
DA:58,1
DA:59,1
DA:60,1
DA:61,1
DA:62,1
DA:63,1
DA:64,1
DA:67,2
DA:68,2
DA:69,2
DA:70,2
DA:71,2
DA:72,2
DA:73,2
DA:74,2
DA:75,2
DA:76,2
DA:77,2
DA:78,2
DA:79,2
DA:80,2
DA:81,2
DA:85,1
DA:86,1
DA:87,1
DA:88,1
DA:89,1
DA:90,1
DA:91,1
DA:92,1
DA:93,1
DA:94,1
DA:95,1
DA:96,1
DA:97,1
DA:98,1
DA:99,1
LF:59
LH:59
end_of_record
SF:lib/domain/entities/crew.dart
DA:4,2
DA:34,2
DA:35,2
DA:36,2
DA:37,2
DA:38,2
DA:39,2
DA:40,2
DA:41,2
DA:42,2
DA:43,2
DA:44,2
DA:45,2
DA:46,2
DA:47,2
DA:48,2
LF:16
LH:16
end_of_record
SF:lib/data/repositories/movie_repository_impl.dart
DA:17,1
DA:22,1
DA:25,2
DA:26,5
DA:27,1
DA:28,2
DA:29,1
DA:30,2
DA:34,1
DA:37,2
DA:38,2
DA:39,1
DA:40,2
DA:41,1
DA:42,2
DA:46,1
DA:49,2
DA:50,3
DA:51,1
DA:52,2
DA:53,1
DA:54,2
DA:58,1
DA:61,2
DA:62,5
DA:63,1
DA:64,2
DA:65,1
DA:66,2
DA:70,1
DA:73,2
DA:74,5
DA:75,1
DA:76,2
DA:77,1
DA:78,2
DA:82,1
DA:85,2
DA:86,5
DA:87,1
DA:88,2
DA:89,1
DA:90,2
DA:94,1
DA:98,3
DA:99,1
DA:100,1
DA:101,3
DA:107,1
DA:111,3
DA:112,1
DA:113,1
DA:114,3
DA:118,1
DA:120,2
DA:124,1
DA:126,2
DA:127,5
LF:58
LH:58
end_of_record
SF:lib/common/constants.dart
DA:15,6
DA:16,3
DA:17,18
DA:19,3
DA:21,3
DA:25,3
DA:26,1
DA:27,1
DA:28,1
DA:29,1
LF:10
LH:10
end_of_record
SF:lib/data/repositories/series_repository_impl.dart
DA:18,1
DA:23,1
DA:26,2
DA:27,5
DA:28,1
DA:29,2
DA:30,1
DA:31,2
DA:35,1
DA:38,2
DA:39,3
DA:40,1
DA:41,2
DA:42,1
DA:43,2
DA:47,1
DA:50,2
DA:51,5
DA:52,1
DA:53,2
DA:54,1
DA:55,2
DA:59,1
DA:62,2
DA:63,5
DA:64,1
DA:65,2
DA:66,1
DA:67,2
DA:71,1
DA:74,2
DA:75,2
DA:76,1
DA:77,2
DA:78,1
DA:79,2
DA:83,1
DA:86,2
DA:87,5
DA:88,1
DA:89,2
DA:90,1
DA:91,2
DA:95,1
DA:98,3
DA:99,1
DA:100,1
DA:101,3
DA:107,1
DA:110,3
DA:111,1
DA:112,1
DA:113,3
DA:117,1
DA:119,2
DA:123,1
DA:125,2
DA:126,5
DA:129,1
DA:132,2
DA:133,5
DA:134,0
DA:135,0
DA:136,0
DA:137,0
LF:65
LH:61
end_of_record
SF:lib/domain/usecases/series/get_ontheair_series.dart
DA:9,1
DA:11,1
DA:12,2
LF:3
LH:3
end_of_record
SF:lib/domain/usecases/series/get_top_rated_series.dart
DA:9,1
DA:11,1
DA:12,2
LF:3
LH:3
end_of_record
SF:lib/domain/usecases/series/get_watchlist_series.dart
DA:9,1
DA:11,1
DA:12,2
LF:3
LH:3
end_of_record
SF:lib/domain/usecases/series/remove_watchlist_series.dart
DA:9,1
DA:11,1
DA:12,2
LF:3
LH:3
end_of_record
SF:lib/domain/usecases/get_movie_detail.dart
DA:9,1
DA:11,1
DA:12,2
LF:3
LH:3
end_of_record
SF:lib/domain/usecases/get_movie_recommendations.dart
DA:9,1
DA:11,1
DA:12,2
LF:3
LH:3
end_of_record
SF:lib/domain/usecases/get_watchlist_status.dart
DA:6,1
DA:8,1
DA:9,2
LF:3
LH:3
end_of_record
SF:lib/domain/usecases/remove_watchlist.dart
DA:9,1
DA:11,1
DA:12,2
LF:3
LH:3
end_of_record
SF:lib/domain/usecases/save_watchlist.dart
DA:9,1
DA:11,1
DA:12,2
LF:3
LH:3
end_of_record
SF:lib/presentation/pages/movie_detail_page.dart
DA:16,1
DA:18,1
DA:19,1
DA:23,1
DA:25,1
DA:26,2
DA:27,5
DA:28,5
DA:32,1
DA:34,1
DA:35,1
DA:36,1
DA:37,2
DA:38,0
DA:39,0
DA:41,2
DA:42,1
DA:43,1
DA:44,1
DA:46,1
DA:47,1
DA:51,0
DA:64,1
DA:66,1
DA:68,3
DA:69,1
DA:70,1
DA:71,1
DA:72,3
DA:74,2
DA:75,1
DA:77,0
DA:79,1
DA:81,1
DA:82,1
DA:83,1
DA:84,1
DA:86,2
DA:93,1
DA:94,1
DA:95,1
DA:97,1
DA:99,1
DA:101,1
DA:102,1
DA:103,2
DA:104,1
DA:106,1
DA:107,1
DA:108,1
DA:109,3
DA:111,0
DA:114,2
DA:116,2
DA:117,4
DA:119,1
DA:121,1
DA:122,1
DA:123,1
DA:128,1
DA:130,1
DA:131,3
DA:132,1
DA:136,1
DA:137,3
DA:139,1
DA:140,3
DA:142,1
DA:143,1
DA:144,1
DA:145,3
DA:147,2
DA:153,4
DA:156,1
DA:157,1
DA:159,1
DA:161,1
DA:162,2
DA:164,1
DA:165,1
DA:167,1
DA:169,1
DA:170,1
DA:171,2
DA:172,0
DA:173,0
DA:175,2
DA:176,0
DA:177,2
DA:178,1
DA:180,1
DA:182,0
DA:183,0
DA:184,0
DA:186,0
DA:187,0
DA:188,0
DA:191,0
DA:194,0
DA:195,0
DA:196,0
DA:198,0
DA:199,0
DA:200,0
DA:201,0
DA:203,0
DA:209,2
DA:213,0
DA:221,1
DA:223,1
DA:238,1
DA:240,1
DA:243,1
DA:244,1
DA:245,0
DA:246,0
DA:255,1
DA:257,2
DA:258,3
DA:261,1
DA:265,3
DA:268,1
DA:269,1
DA:270,1
DA:272,1
DA:273,1
DA:275,0
LF:127
LH:100
end_of_record
SF:lib/presentation/provider/movie_detail_notifier.dart
DA:22,1
DA:31,2
DA:34,2
DA:37,2
DA:40,2
DA:43,2
DA:46,2
DA:48,1
DA:49,1
DA:50,1
DA:51,2
DA:52,2
DA:53,1
DA:54,1
DA:55,1
DA:56,2
DA:57,1
DA:59,1
DA:60,1
DA:61,1
DA:62,1
DA:63,1
DA:64,1
DA:65,1
DA:66,2
DA:68,1
DA:69,1
DA:70,1
DA:73,1
DA:74,1
DA:80,2
DA:82,1
DA:83,2
DA:85,1
DA:86,1
DA:87,2
DA:89,1
DA:90,1
DA:94,2
DA:97,1
DA:98,2
DA:100,1
DA:101,0
DA:102,0
DA:104,1
DA:105,1
DA:109,2
DA:112,1
DA:113,2
DA:114,1
DA:115,1
LF:51
LH:49
end_of_record
SF:lib/domain/usecases/series/get_series_detail.dart
DA:9,1
DA:11,1
DA:12,2
LF:3
LH:3
end_of_record
SF:lib/domain/usecases/series/get_series_recommendations.dart
DA:9,1
DA:11,1
DA:12,2
LF:3
LH:3
end_of_record
SF:lib/domain/usecases/series/get_series_season_detail.dart
DA:9,1
DA:11,1
DA:12,2
LF:3
LH:3
end_of_record
SF:lib/domain/usecases/series/get_watchlist_series_status.dart
DA:6,1
DA:8,1
DA:9,2
LF:3
LH:3
end_of_record
SF:lib/domain/usecases/series/save_watchlist_series.dart
DA:9,0
DA:11,0
DA:12,0
LF:3
LH:0
end_of_record
SF:lib/presentation/pages/series/series_detail_page.dart
DA:19,1
DA:21,1
DA:22,1
DA:26,1
DA:28,1
DA:29,2
DA:30,5
DA:31,5
DA:35,1
DA:37,1
DA:38,1
DA:39,1
DA:40,2
DA:41,0
DA:42,0
DA:44,2
DA:45,1
DA:46,1
DA:47,1
DA:49,1
DA:50,1
DA:54,0
DA:67,1
DA:73,1
DA:75,3
DA:76,1
DA:77,1
DA:78,1
DA:79,3
DA:81,2
DA:82,1
DA:84,0
DA:86,1
DA:88,1
DA:89,1
DA:90,1
DA:91,1
DA:93,2
DA:100,1
DA:101,1
DA:102,1
DA:104,1
DA:106,1
DA:108,1
DA:109,1
DA:110,2
DA:111,1
DA:113,1
DA:114,1
DA:115,1
DA:116,3
DA:118,0
DA:121,2
DA:123,1
DA:124,1
DA:125,4
DA:127,1
DA:129,1
DA:130,1
DA:131,1
DA:136,1
DA:138,1
DA:139,3
DA:140,1
DA:144,1
DA:145,3
DA:148,1
DA:149,1
DA:150,1
DA:151,3
DA:153,2
DA:159,4
DA:162,1
DA:163,1
DA:165,1
DA:167,1
DA:168,5
DA:170,1
DA:171,1
DA:173,1
DA:175,1
DA:177,2
DA:179,1
DA:180,1
DA:182,1
DA:184,1
DA:185,1
DA:186,2
DA:187,0
DA:188,0
DA:190,2
DA:191,0
DA:192,2
DA:193,1
DA:195,2
DA:198,0
DA:206,1
DA:208,1
DA:223,1
DA:225,1
DA:228,1
DA:229,1
DA:230,0
DA:231,0
DA:240,1
DA:242,1
DA:243,0
DA:246,1
DA:250,0
LF:109
LH:96
end_of_record
SF:lib/presentation/provider/series/series_detail_notifier.dart
DA:22,1
DA:31,2
DA:34,2
DA:37,2
DA:40,2
DA:43,2
DA:46,2
DA:48,1
DA:49,1
DA:50,1
DA:51,2
DA:52,2
DA:53,1
DA:54,1
DA:55,1
DA:56,2
DA:57,1
DA:59,1
DA:60,1
DA:61,1
DA:62,1
DA:63,1
DA:64,1
DA:65,1
DA:66,2
DA:68,1
DA:69,1
DA:70,1
DA:73,1
DA:74,1
DA:80,2
DA:82,1
DA:83,2
DA:85,1
DA:86,1
DA:87,2
DA:89,1
DA:90,1
DA:94,2
DA:97,1
DA:98,2
DA:100,1
DA:101,0
DA:102,0
DA:104,1
DA:105,1
DA:109,2
DA:112,1
DA:113,2
DA:114,1
DA:115,1
LF:51
LH:49
end_of_record
SF:lib/presentation/widgets/recommended_list_view.dart
DA:8,2
DA:11,2
DA:15,2
DA:17,2
DA:19,1
DA:20,2
DA:21,1
DA:23,1
DA:24,1
DA:25,0
DA:26,0
DA:29,0
DA:32,1
DA:33,1
DA:34,1
DA:36,1
DA:37,2
DA:38,2
DA:39,1
DA:41,0
DA:47,4
LF:21
LH:17
end_of_record
SF:lib/presentation/widgets/series_list_view.dart
DA:8,2
DA:11,2
DA:15,2
DA:17,2
DA:19,0
DA:20,0
DA:21,0
DA:22,0
DA:23,0
DA:24,0
DA:26,0
DA:27,0
DA:28,0
DA:29,0
DA:32,0
DA:33,0
DA:34,0
DA:35,0
DA:39,0
DA:40,0
DA:41,0
DA:43,0
DA:44,0
DA:45,0
DA:46,0
DA:48,0
DA:54,0
DA:56,0
DA:61,6
LF:29
LH:5
end_of_record
SF:lib/presentation/pages/series/series_season_detail_page.dart
DA:14,1
DA:20,1
DA:21,1
DA:25,1
DA:27,1
DA:28,9
DA:31,1
DA:33,1
DA:34,1
DA:35,3
DA:37,1
DA:39,1
DA:40,1
DA:41,2
DA:42,1
DA:43,1
DA:45,2
DA:46,1
DA:47,0
DA:48,0
DA:49,0
DA:57,2
DA:60,1
DA:61,1
DA:62,2
LF:25
LH:22
end_of_record
SF:lib/presentation/provider/series/series_season_detail_notifier.dart
DA:8,2
DA:11,2
DA:14,2
DA:16,1
DA:20,1
DA:21,1
DA:22,1
DA:24,2
DA:25,1
DA:26,1
DA:27,1
DA:28,2
DA:29,1
DA:31,1
DA:32,1
DA:33,1
DA:34,1
LF:17
LH:17
end_of_record
SF:lib/presentation/widgets/season_card_list.dart
DA:9,1
DA:11,1
DA:13,3
DA:14,1
DA:16,1
DA:17,1
DA:18,1
DA:20,1
DA:21,1
DA:23,1
DA:25,1
DA:26,1
DA:28,1
DA:29,1
DA:30,1
DA:31,3
DA:34,2
DA:35,1
DA:37,0
DA:39,2
DA:41,1
DA:44,1
DA:45,1
DA:46,1
DA:47,1
DA:49,1
DA:52,1
DA:53,3
DA:54,1
DA:61,1
DA:63,1
DA:64,2
DA:67,1
DA:70,1
DA:72,1
DA:73,5
LF:36
LH:35
end_of_record
SF:lib/domain/usecases/series/search_series.dart
DA:9,1
DA:11,1
DA:12,2
LF:3
LH:3
end_of_record
SF:lib/domain/usecases/series/get_popular_series.dart
DA:9,1
DA:11,1
DA:12,2
LF:3
LH:3
end_of_record
SF:lib/domain/usecases/get_top_rated_movies.dart
DA:9,1
DA:11,1
DA:12,2
LF:3
LH:3
end_of_record
SF:lib/domain/usecases/get_watchlist_movies.dart
DA:9,1
DA:11,1
DA:12,2
LF:3
LH:3
end_of_record
SF:lib/domain/usecases/get_now_playing_movies.dart
DA:9,1
DA:11,1
DA:12,2
LF:3
LH:3
end_of_record
SF:lib/domain/usecases/get_popular_movies.dart
DA:9,1
DA:11,1
DA:12,2
LF:3
LH:3
end_of_record
SF:lib/domain/usecases/search_movies.dart
DA:9,1
DA:11,1
DA:12,2
LF:3
LH:3
end_of_record
SF:lib/presentation/provider/series/popular_series_notifier.dart
DA:9,1
DA:12,2
DA:15,2
DA:18,2
DA:20,1
DA:21,1
DA:22,1
DA:24,2
DA:26,1
DA:27,1
DA:28,2
DA:29,1
DA:30,1
DA:32,1
DA:33,1
DA:34,1
DA:35,1
LF:17
LH:17
end_of_record
SF:lib/presentation/provider/series/series_list_notifier.dart
DA:10,2
DA:13,2
DA:16,2
DA:19,2
DA:22,2
DA:25,2
DA:28,2
DA:30,1
DA:40,1
DA:41,1
DA:42,1
DA:44,2
DA:45,1
DA:46,1
DA:47,1
DA:48,2
DA:49,1
DA:51,1
DA:52,1
DA:53,1
DA:54,1
DA:59,1
DA:60,1
DA:61,1
DA:63,2
DA:64,1
DA:65,1
DA:66,1
DA:67,2
DA:68,1
DA:70,1
DA:71,1
DA:72,1
DA:73,1
DA:78,1
DA:79,1
DA:80,1
DA:82,2
DA:83,1
DA:84,1
DA:85,1
DA:86,2
DA:87,1
DA:89,1
DA:90,1
DA:91,1
DA:92,1
LF:47
LH:47
end_of_record
SF:lib/presentation/provider/series/series_search_notifier.dart
DA:9,1
DA:12,2
DA:15,2
DA:18,2
DA:20,1
DA:21,1
DA:22,1
DA:24,2
DA:25,1
DA:26,1
DA:27,2
DA:28,1
DA:29,1
DA:31,1
DA:32,1
DA:33,1
DA:34,1
LF:17
LH:17
end_of_record
SF:lib/presentation/provider/series/top_rated_series_notifier.dart
DA:9,1
DA:12,2
DA:15,2
DA:18,2
DA:20,1
DA:21,1
DA:22,1
DA:24,2
DA:26,1
DA:27,1
DA:28,2
DA:29,1
DA:30,1
DA:32,1
DA:33,1
DA:34,1
DA:35,1
LF:17
LH:17
end_of_record
SF:lib/presentation/provider/series/watchlist_series_notifier.dart
DA:8,2
DA:11,2
DA:14,2
DA:16,1
DA:20,1
DA:21,1
DA:22,1
DA:24,2
DA:25,1
DA:26,1
DA:27,1
DA:28,2
DA:29,1
DA:31,1
DA:32,1
DA:33,1
DA:34,1
LF:17
LH:17
end_of_record
SF:lib/presentation/provider/watchlist_movie_notifier.dart
DA:8,2
DA:11,2
DA:14,2
DA:16,1
DA:20,1
DA:21,1
DA:22,1
DA:24,2
DA:25,1
DA:26,1
DA:27,1
DA:28,2
DA:29,1
DA:31,1
DA:32,1
DA:33,1
DA:34,1
LF:17
LH:17
end_of_record
SF:lib/presentation/provider/popular_movies_notifier.dart
DA:9,1
DA:12,2
DA:15,2
DA:18,2
DA:20,1
DA:21,1
DA:22,1
DA:24,2
DA:26,1
DA:27,1
DA:28,2
DA:29,1
DA:30,1
DA:32,1
DA:33,1
DA:34,1
DA:35,1
LF:17
LH:17
end_of_record
SF:lib/presentation/provider/movie_list_notifier.dart
DA:10,2
DA:13,2
DA:16,2
DA:19,2
DA:22,2
DA:25,2
DA:28,2
DA:30,1
DA:40,1
DA:41,1
DA:42,1
DA:44,2
DA:45,1
DA:46,1
DA:47,1
DA:48,2
DA:49,1
DA:51,1
DA:52,1
DA:53,1
DA:54,1
DA:59,1
DA:60,1
DA:61,1
DA:63,2
DA:64,1
DA:65,1
DA:66,1
DA:67,2
DA:68,1
DA:70,1
DA:71,1
DA:72,1
DA:73,1
DA:78,1
DA:79,1
DA:80,1
DA:82,2
DA:83,1
DA:84,1
DA:85,1
DA:86,2
DA:87,1
DA:89,1
DA:90,1
DA:91,1
DA:92,1
LF:47
LH:47
end_of_record
SF:lib/presentation/provider/movie_search_notifier.dart
DA:9,1
DA:12,2
DA:15,2
DA:18,2
DA:20,1
DA:21,1
DA:22,1
DA:24,2
DA:25,1
DA:26,1
DA:27,2
DA:28,1
DA:29,1
DA:31,1
DA:32,1
DA:33,1
DA:34,1
LF:17
LH:17
end_of_record
SF:lib/presentation/provider/top_rated_movies_notifier.dart
DA:9,1
DA:12,2
DA:15,2
DA:18,2
DA:20,1
DA:21,1
DA:22,1
DA:24,2
DA:26,1
DA:27,1
DA:28,2
DA:29,1
DA:30,1
DA:32,1
DA:33,1
DA:34,1
DA:35,1
LF:17
LH:17
end_of_record
SF:lib/presentation/pages/top_rated_movies_page.dart
DA:10,1
DA:11,1
DA:15,1
DA:17,1
DA:18,2
DA:19,2
DA:20,1
DA:23,1
DA:25,1
DA:26,1
DA:27,1
DA:29,1
DA:31,1
DA:32,1
DA:33,2
DA:34,1
DA:35,1
DA:37,2
DA:38,1
DA:39,0
DA:40,0
DA:41,0
DA:43,2
DA:46,1
DA:47,1
DA:48,2
LF:26
LH:23
end_of_record
SF:lib/presentation/widgets/movie_card_list.dart
DA:10,1
DA:12,1
DA:14,1
DA:16,1
DA:17,0
DA:18,0
DA:21,0
DA:24,1
DA:26,1
DA:27,1
DA:28,1
DA:34,1
DA:36,1
DA:37,1
DA:38,2
DA:41,1
DA:43,1
DA:44,1
DA:45,2
DA:53,1
DA:58,1
DA:59,1
DA:60,3
DA:62,2
DA:63,1
DA:65,0
DA:67,2
LF:27
LH:23
end_of_record
SF:lib/presentation/widgets/series_card_list.dart
DA:10,1
DA:12,1
DA:14,1
DA:16,1
DA:17,0
DA:18,0
DA:21,0
DA:24,1
DA:26,1
DA:27,1
DA:28,1
DA:34,1
DA:36,1
DA:37,1
DA:38,2
DA:41,1
DA:43,1
DA:44,1
DA:45,5
DA:53,1
DA:58,1
DA:59,1
DA:60,3
DA:62,2
DA:63,1
DA:65,0
DA:67,2
LF:27
LH:23
end_of_record
SF:lib/presentation/pages/popular_movies_page.dart
DA:10,1
DA:11,1
DA:15,1
DA:17,1
DA:18,2
DA:19,2
DA:20,1
DA:23,1
DA:25,1
DA:26,1
DA:27,1
DA:29,1
DA:31,1
DA:32,1
DA:33,2
DA:34,1
DA:35,1
DA:37,2
DA:38,1
DA:39,0
DA:40,0
DA:41,0
DA:43,2
DA:46,1
DA:47,1
DA:48,2
LF:26
LH:23
end_of_record
